SF:lib\app\modules\auth\domain\entities\user.dart
DA:11,2
DA:12,0
DA:14,0
DA:15,0
DA:17,2
DA:18,0
DA:20,2
DA:21,0
DA:23,2
DA:29,2
DA:30,2
DA:31,2
DA:32,2
DA:34,1
DA:37,1
DA:38,3
DA:39,3
DA:40,3
DA:41,1
LF:19
LH:14
end_of_record
SF:lib\app\modules\auth\domain\usecases\login_user_usecase.dart
DA:13,1
DA:15,1
DA:18,1
DA:19,1
DA:20,1
DA:21,3
LF:6
LH:6
end_of_record
SF:lib\app\core_module\vos\id_vo.dart
DA:5,4
DA:7,1
DA:9,2
DA:10,0
DA:12,1
LF:5
LH:4
end_of_record
SF:lib\app\core_module\types\entity.dart
DA:7,1
DA:8,3
DA:11,2
DA:13,2
DA:17,0
DA:20,0
DA:21,0
LF:7
LH:4
end_of_record
SF:lib\app\core_module\types\my_exception.dart
DA:5,0
DA:12,0
DA:13,0
LF:3
LH:0
end_of_record
SF:lib\app\core_module\vos\value_object.dart
DA:8,6
DA:12,0
DA:16,0
DA:19,0
DA:20,0
DA:22,0
DA:24,0
LF:7
LH:1
end_of_record
SF:lib\app\core_module\vos\text_vo.dart
DA:5,2
DA:7,1
DA:9,2
DA:10,0
DA:12,1
LF:5
LH:4
end_of_record
SF:lib\app\modules\auth\infra\adapters\user_adapter.dart
DA:7,0
DA:8,0
DA:9,0
DA:10,0
DA:11,0
DA:12,0
DA:16,0
DA:17,0
DA:18,0
DA:19,0
DA:20,0
DA:21,0
DA:25,1
DA:26,1
DA:28,1
DA:29,1
DA:30,1
DA:31,1
DA:35,0
DA:36,0
LF:20
LH:6
end_of_record
SF:lib\app\modules\auth\infra\repositories\auth_repository.dart
DA:12,1
DA:14,1
DA:17,2
DA:19,2
DA:20,0
DA:21,0
DA:22,0
DA:23,0
DA:24,0
DA:26,0
LF:10
LH:4
end_of_record
